
> website@0.1.0 dev
> next dev -p 3005

   ▲ Next.js 15.2.2
   - Local:        http://localhost:3005
   - Network:      http://192.168.1.100:3005
   - Environments: .env

 ✓ Starting...
 ✓ Ready in 1388ms
 ○ Compiling /search ...
 ✓ Compiled /search in 3.2s (787 modules)
 GET /search 200 in 3540ms
 ✓ Compiled /api/search/tutors in 147ms (453 modules)
 ✓ Compiled in 555ms (333 modules)
 GET /search 200 in 173ms
 GET /api/search/tutors?subject=&location=&role=TUTOR&grade=&minRate=0&maxRate=10000&sortBy=relevance&verified=false 200 in 993ms
 GET /favicon.ico 200 in 1449ms
 GET /favicon.ico 200 in 209ms
 ✓ Compiled in 339ms (333 modules)
 GET /search 200 in 28ms
 ✓ Compiled /login in 408ms (763 modules)
 GET /login 200 in 577ms
 ⚠ Fast Refresh had to perform a full reload. Read more: https://nextjs.org/docs/messages/fast-refresh-reload
 ✓ Compiled in 2.4s (335 modules)
 GET /login 200 in 72ms
 ✓ Compiled in 291ms (335 modules)
 GET /login 200 in 36ms
 ✓ Compiled in 529ms (335 modules)
 GET /login 200 in 34ms
 ✓ Compiled in 516ms (335 modules)
 GET /login 200 in 181ms
 ✓ Compiled in 479ms (335 modules)
 GET /login 200 in 41ms
 ✓ Compiled in 350ms (335 modules)
 GET /login 200 in 35ms
 ✓ Compiled in 269ms (335 modules)
 GET /login 200 in 16ms
 ✓ Compiled in 327ms (335 modules)
 GET /login 200 in 65ms
 ✓ Compiled in 278ms (335 modules)
 GET /login 200 in 17ms
 ✓ Compiled in 317ms (335 modules)
 GET /login 200 in 24ms
 ✓ Compiled in 251ms (335 modules)
 GET /login 200 in 54ms
 ✓ Compiled in 291ms (335 modules)
 GET /login 200 in 54ms
 ✓ Compiled in 875ms (763 modules)
 GET /login 200 in 410ms
 GET /login 200 in 22ms
 ✓ Compiled in 241ms (335 modules)
 GET /login 200 in 16ms
 ✓ Compiled in 225ms (335 modules)
 GET /login 200 in 44ms
 ○ Compiling / ...
 ✓ Compiled / in 867ms (770 modules)
 GET / 200 in 1356ms
 ○ Compiling /api/subjects ...
 ✓ Compiled /api/subjects in 773ms (790 modules)
 GET /api/subjects 200 in 1078ms
 ○ Compiling /about ...
 ✓ Compiled /about in 1097ms (796 modules)
 GET /about 200 in 1475ms
 ⚠ Fast Refresh had to perform a full reload. Read more: https://nextjs.org/docs/messages/fast-refresh-reload
 ○ Compiling /pricing/student ...
 ✓ Compiled /pricing/student in 1899ms (803 modules)
 GET /pricing/student 200 in 2335ms
 ○ Compiling /pricing/tutor ...
 ✓ Compiled /pricing/tutor in 673ms (790 modules)
 GET /pricing/tutor 200 in 997ms
 ✓ Compiled /how-it-works/student in 458ms (791 modules)
 GET /how-it-works/student 200 in 906ms
 ✓ Compiled /how-it-works/tutor in 339ms (793 modules)
 GET /how-it-works/tutor 200 in 644ms
 ○ Compiling /contact ...
 ✓ Compiled /contact in 601ms (795 modules)
 GET /contact 200 in 1245ms
 ○ Compiling /legal/privacy ...
 ✓ Compiled /legal/privacy in 529ms (795 modules)
 GET /legal/privacy 200 in 862ms
 ○ Compiling /legal/terms ...
 ✓ Compiled /legal/terms in 1263ms (792 modules)
 GET /legal/terms 200 in 2033ms
 ✓ Compiled in 3.1s (349 modules)
 GET /legal/terms 200 in 141ms
 GET /login 200 in 138ms
 ✓ Compiled in 529ms (349 modules)
 GET /login 200 in 33ms
 GET /legal/terms 200 in 34ms
 ○ Compiling /dashboard/tutor ...
 ✓ Compiled /dashboard/tutor in 864ms (796 modules)
 GET /dashboard/tutor 200 in 1096ms
 ○ Compiling /api/user/info ...
 ✓ Compiled /api/user/info in 1503ms (813 modules)
 GET /api/user/info?id=cmn5fj1m50000mj7yx61a4n4o 404 in 2291ms
 GET /api/lead/list?tutorId=cmn5fj1m50000mj7yx61a4n4o 200 in 2326ms
 ✓ Compiled in 1655ms (352 modules)
 GET /login 200 in 413ms
 GET /dashboard/tutor 200 in 417ms
 ○ Compiling /dashboard/student ...
 ✓ Compiled /dashboard/student in 1054ms (798 modules)
 GET /dashboard/student 200 in 1454ms
 ○ Compiling /api/student/active-leads ...
 ✓ Compiled /api/student/active-leads in 849ms (473 modules)
 ✓ Compiled in 332ms (340 modules)
Error fetching unlocked tutors: ReferenceError: NextResponse is not defined
    at GET (app/api/student/unlocked-tutors/route.js:56:8)
  54 |         const uniqueTutors = Array.from(new Map(tutors.map(t => [t.id, t])).values());
  55 |
> 56 |         return NextResponse.json(uniqueTutors);
     |        ^
  57 |     } catch (error) {
  58 |         console.error("Error fetching unlocked tutors:", error);
  59 |         return NextResponse.json({ error: "Failed to fetch tutors" }, { status: 500 });
 ⨯ ReferenceError: NextResponse is not defined
    at GET (app/api/student/unlocked-tutors/route.js:59:8)
  57 |     } catch (error) {
  58 |         console.error("Error fetching unlocked tutors:", error);
> 59 |         return NextResponse.json({ error: "Failed to fetch tutors" }, { status: 500 });
     |        ^
  60 |     }
  61 | }
  62 |
 ⨯ ReferenceError: NextResponse is not defined
    at GET (app/api/student/unlocked-tutors/route.js:59:8)
  57 |     } catch (error) {
  58 |         console.error("Error fetching unlocked tutors:", error);
> 59 |         return NextResponse.json({ error: "Failed to fetch tutors" }, { status: 500 });
     |        ^
  60 |     }
  61 | }
  62 |
 GET /api/student/unlocked-tutors?studentId=cmn5fj98s0006mj7yrxzega0g 500 in 1896ms
 GET /api/student/active-leads?studentId=cmn5fj98s0006mj7yrxzega0g 200 in 1895ms
 GET /api/user/info?id=cmn5fj98s0006mj7yrxzega0g 200 in 1909ms
 GET /dashboard/student 200 in 891ms
 ✓ Compiled in 3.6s (793 modules)
 GET /login 200 in 1952ms
 GET /dashboard/tutor 200 in 1941ms
 GET /dashboard/student 200 in 70ms
 GET /dashboard/tutor 200 in 79ms
 GET /login 200 in 80ms
 ✓ Compiled in 1696ms (793 modules)
 GET /dashboard/student 200 in 851ms
 GET /dashboard/tutor 200 in 857ms
 GET /login 200 in 860ms
 GET /dashboard/student 200 in 51ms
 GET /dashboard/tutor 200 in 181ms
 GET /login 200 in 193ms
 ✓ Compiled in 1411ms (807 modules)
 GET /dashboard/tutor 200 in 151ms
 GET /login 200 in 157ms
 GET /dashboard/student 200 in 164ms
 ✓ Compiled in 609ms (354 modules)
 GET /login 200 in 183ms
 GET /dashboard/student 200 in 201ms
 GET /dashboard/tutor 200 in 220ms
 ○ Compiling /tutor/[id] ...
 ✓ Compiled /tutor/[id] in 881ms (809 modules)
Error: Route "/tutor/[id]" used `params.id`. `params` should be awaited before using its properties. Learn more: https://nextjs.org/docs/messages/sync-dynamic-apis
    at TutorProfile (app/tutor/[id]/page.js:8:22)
   6 |
   7 | export default async function TutorProfile({ params, searchParams }) {
>  8 |     const id = params.id;
     |                      ^
   9 |     const viewerId = searchParams.viewerId;
  10 |
  11 |     // Fetch tutor and listing data
Error: Route "/tutor/[id]" used `searchParams.viewerId`. `searchParams` should be awaited before using its properties. Learn more: https://nextjs.org/docs/messages/sync-dynamic-apis
    at TutorProfile (app/tutor/[id]/page.js:9:34)
   7 | export default async function TutorProfile({ params, searchParams }) {
   8 |     const id = params.id;
>  9 |     const viewerId = searchParams.viewerId;
     |                                  ^
  10 |
  11 |     // Fetch tutor and listing data
  12 |     const tutor = await prisma.user.findUnique({
 GET /tutor/cmn5f7d300003mj7y448id0sc 404 in 2266ms
 ○ Compiling /search ...
 ✓ Compiled /search in 835ms (472 modules)
 GET /search?role=TUTOR 200 in 1215ms
 ○ Compiling /api/search/tutors ...
 ✓ Compiled /api/search/tutors in 956ms (490 modules)
 GET /api/search/tutors?subject=&location=&role=TUTOR&grade=&minRate=0&maxRate=10000&sortBy=relevance&verified=false 200 in 1164ms
 ○ Compiling / ...
 ✓ Compiled / in 584ms (491 modules)
 GET / 200 in 864ms
 ✓ Compiled /api/subjects in 482ms (493 modules)
 GET /api/subjects 200 in 801ms
 GET /dashboard/tutor 200 in 683ms
 ○ Compiling /api/lead/list ...
 ✓ Compiled /api/user/info in 1782ms (478 modules)
 ✓ Compiled (480 modules)
 GET /api/user/info?id=cmn5f7d300003mj7y448id0sc 404 in 4291ms
 GET /api/lead/list?tutorId=cmn5f7d300003mj7y448id0sc 200 in 4472ms
 ✓ Compiled /tutor/[id] in 360ms (493 modules)
Error: Route "/tutor/[id]" used `params.id`. `params` should be awaited before using its properties. Learn more: https://nextjs.org/docs/messages/sync-dynamic-apis
    at TutorProfile (app/tutor/[id]/page.js:8:22)
   6 |
   7 | export default async function TutorProfile({ params, searchParams }) {
>  8 |     const id = params.id;
     |                      ^
   9 |     const viewerId = searchParams.viewerId;
  10 |
  11 |     // Fetch tutor and listing data
Error: Route "/tutor/[id]" used `searchParams.viewerId`. `searchParams` should be awaited before using its properties. Learn more: https://nextjs.org/docs/messages/sync-dynamic-apis
    at TutorProfile (app/tutor/[id]/page.js:9:34)
   7 | export default async function TutorProfile({ params, searchParams }) {
   8 |     const id = params.id;
>  9 |     const viewerId = searchParams.viewerId;
     |                                  ^
  10 |
  11 |     // Fetch tutor and listing data
  12 |     const tutor = await prisma.user.findUnique({
 GET /tutor/cmn5f7d300003mj7y448id0sc 404 in 934ms
 GET /dashboard/tutor?tutorId=cmn5f7d300003mj7y448id0sc 200 in 5471ms
 GET /api/user/info?id=cmn5f7d300003mj7y448id0sc 404 in 1110ms
 GET /api/lead/list?tutorId=cmn5f7d300003mj7y448id0sc 200 in 1160ms
 ○ Compiling /api/payment/order ...
 ✓ Compiled /api/payment/order in 3.5s (934 modules)
Error creating Razorpay order: {
  statusCode: 401,
  error: { code: 'BAD_REQUEST_ERROR', description: 'Authentication failed' }
}
 ⨯ ReferenceError: NextResponse is not defined
    at POST (app/api/payment/order/route.js:35:8)
  33 |     } catch (error) {
  34 |         console.error("Error creating Razorpay order:", error);
> 35 |         return NextResponse.json({ error: "Failed to create order" }, { status: 500 });
     |        ^
  36 |     }
  37 | }
  38 |
 ⨯ ReferenceError: NextResponse is not defined
    at POST (app/api/payment/order/route.js:35:8)
  33 |     } catch (error) {
  34 |         console.error("Error creating Razorpay order:", error);
> 35 |         return NextResponse.json({ error: "Failed to create order" }, { status: 500 });
     |        ^
  36 |     }
  37 | }
  38 |
 POST /api/payment/order 500 in 7899ms
 ○ Compiling /dashboard/tutor/profile ...
 ✓ Compiled /dashboard/tutor/profile in 6s (941 modules)
 GET /dashboard/tutor/profile?tutorId=cmn5f7d300003mj7y448id0sc 200 in 6859ms
 GET /api/user/info?id=cmn5f7d300003mj7y448id0sc 404 in 476ms
 GET /api/user/info?id=cmn5f7d300003mj7y448id0sc 404 in 35ms
Error: Route "/tutor/[id]" used `params.id`. `params` should be awaited before using its properties. Learn more: https://nextjs.org/docs/messages/sync-dynamic-apis
    at TutorProfile (app/tutor/[id]/page.js:8:22)
   6 |
   7 | export default async function TutorProfile({ params, searchParams }) {
>  8 |     const id = params.id;
     |                      ^
   9 |     const viewerId = searchParams.viewerId;
  10 |
  11 |     // Fetch tutor and listing data
Error: Route "/tutor/[id]" used `searchParams.viewerId`. `searchParams` should be awaited before using its properties. Learn more: https://nextjs.org/docs/messages/sync-dynamic-apis
    at TutorProfile (app/tutor/[id]/page.js:9:34)
   7 | export default async function TutorProfile({ params, searchParams }) {
   8 |     const id = params.id;
>  9 |     const viewerId = searchParams.viewerId;
     |                                  ^
  10 |
  11 |     // Fetch tutor and listing data
  12 |     const tutor = await prisma.user.findUnique({
 GET /tutor/cmn5f7d300003mj7y448id0sc?viewerId=cmn5f7d300003mj7y448id0sc 404 in 1763ms
Error: Route "/tutor/[id]" used `params.id`. `params` should be awaited before using its properties. Learn more: https://nextjs.org/docs/messages/sync-dynamic-apis
    at TutorProfile (app/tutor/[id]/page.js:8:22)
   6 |
   7 | export default async function TutorProfile({ params, searchParams }) {
>  8 |     const id = params.id;
     |                      ^
   9 |     const viewerId = searchParams.viewerId;
  10 |
  11 |     // Fetch tutor and listing data
Error: Route "/tutor/[id]" used `searchParams.viewerId`. `searchParams` should be awaited before using its properties. Learn more: https://nextjs.org/docs/messages/sync-dynamic-apis
    at TutorProfile (app/tutor/[id]/page.js:9:34)
   7 | export default async function TutorProfile({ params, searchParams }) {
   8 |     const id = params.id;
>  9 |     const viewerId = searchParams.viewerId;
     |                                  ^
  10 |
  11 |     // Fetch tutor and listing data
  12 |     const tutor = await prisma.user.findUnique({
 GET /tutor/cmn5f7d300003mj7y448id0sc?viewerId=cmn5f7d300003mj7y448id0sc 404 in 1616ms
 GET /dashboard/tutor/profile?tutorId=cmn5f7d300003mj7y448id0sc 200 in 450ms
 GET /api/user/info?id=cmn5f7d300003mj7y448id0sc 404 in 408ms
Error: Route "/tutor/[id]" used `params.id`. `params` should be awaited before using its properties. Learn more: https://nextjs.org/docs/messages/sync-dynamic-apis
    at TutorProfile (app/tutor/[id]/page.js:8:22)
   6 |
   7 | export default async function TutorProfile({ params, searchParams }) {
>  8 |     const id = params.id;
     |                      ^
   9 |     const viewerId = searchParams.viewerId;
  10 |
  11 |     // Fetch tutor and listing data
Error: Route "/tutor/[id]" used `searchParams.viewerId`. `searchParams` should be awaited before using its properties. Learn more: https://nextjs.org/docs/messages/sync-dynamic-apis
    at TutorProfile (app/tutor/[id]/page.js:9:34)
   7 | export default async function TutorProfile({ params, searchParams }) {
   8 |     const id = params.id;
>  9 |     const viewerId = searchParams.viewerId;
     |                                  ^
  10 |
  11 |     // Fetch tutor and listing data
  12 |     const tutor = await prisma.user.findUnique({
 GET /tutor/cmn5fj98n0004mj7ycou3i1ov 200 in 1180ms
 GET /dashboard/tutor?tutorId=cmn5fj98n0004mj7ycou3i1ov 200 in 668ms
 GET /api/user/info?id=cmn5fj98n0004mj7ycou3i1ov 200 in 485ms
 GET /api/lead/list?tutorId=cmn5fj98n0004mj7ycou3i1ov 200 in 514ms
 GET /dashboard/tutor/profile?tutorId=cmn5fj98n0004mj7ycou3i1ov 200 in 253ms
 GET /api/user/info?id=cmn5fj98n0004mj7ycou3i1ov 200 in 125ms
 GET /api/user/info?id=cmn5fj98n0004mj7ycou3i1ov 200 in 547ms
 ○ Compiling /api/tutor/profile/update ...
 ✓ Compiled /api/tutor/profile/update in 3.1s (828 modules)
 POST /api/tutor/profile/update 200 in 3876ms
 GET /dashboard/tutor?tutorId=cmn5fj98n0004mj7ycou3i1ov 200 in 428ms
 ✓ Compiled /api/user/info in 302ms (487 modules)
 ✓ Compiled (489 modules)
 GET /api/user/info?id=cmn5fj98n0004mj7ycou3i1ov 200 in 674ms
 GET /api/lead/list?tutorId=cmn5fj98n0004mj7ycou3i1ov 200 in 680ms
 GET /api/user/info?id=cmn5fj98n0004mj7ycou3i1ov 200 in 29ms
 GET /api/lead/list?tutorId=cmn5fj98n0004mj7ycou3i1ov 200 in 148ms
Error: Route "/tutor/[id]" used `params.id`. `params` should be awaited before using its properties. Learn more: https://nextjs.org/docs/messages/sync-dynamic-apis
    at TutorProfile (app/tutor/[id]/page.js:8:22)
   6 |
   7 | export default async function TutorProfile({ params, searchParams }) {
>  8 |     const id = params.id;
     |                      ^
   9 |     const viewerId = searchParams.viewerId;
  10 |
  11 |     // Fetch tutor and listing data
Error: Route "/tutor/[id]" used `searchParams.viewerId`. `searchParams` should be awaited before using its properties. Learn more: https://nextjs.org/docs/messages/sync-dynamic-apis
    at TutorProfile (app/tutor/[id]/page.js:9:34)
   7 | export default async function TutorProfile({ params, searchParams }) {
   8 |     const id = params.id;
>  9 |     const viewerId = searchParams.viewerId;
     |                                  ^
  10 |
  11 |     // Fetch tutor and listing data
  12 |     const tutor = await prisma.user.findUnique({
 GET /tutor/cmn5fj98n0004mj7ycou3i1ov 200 in 1226ms
 ○ Compiling / ...
 ✓ Compiled / in 557ms (472 modules)
 GET / 200 in 974ms
 ○ Compiling /api/subjects ...
 ✓ Compiled /api/subjects in 1142ms (490 modules)
 GET /api/subjects 200 in 4724ms
 ○ Compiling /about ...
 ✓ Compiled /about in 4s (489 modules)
 GET /about 200 in 4828ms
 GET /api/subjects 200 in 3527ms
 GET /api/subjects 200 in 1216ms
 ○ Compiling /search ...
 ✓ Compiled /search in 1656ms (495 modules)
 GET /search?role=TUTOR 200 in 2604ms
 ○ Compiling /api/search/tutors ...
 ✓ Compiled /api/search/tutors in 2.2s (497 modules)
 GET /api/search/tutors?subject=&location=&role=TUTOR&grade=&minRate=0&maxRate=10000&sortBy=relevance&verified=false 200 in 2858ms
Error: Route "/tutor/[id]" used `params.id`. `params` should be awaited before using its properties. Learn more: https://nextjs.org/docs/messages/sync-dynamic-apis
    at TutorProfile (app/tutor/[id]/page.js:8:22)
   6 |
   7 | export default async function TutorProfile({ params, searchParams }) {
>  8 |     const id = params.id;
     |                      ^
   9 |     const viewerId = searchParams.viewerId;
  10 |
  11 |     // Fetch tutor and listing data
Error: Route "/tutor/[id]" used `searchParams.viewerId`. `searchParams` should be awaited before using its properties. Learn more: https://nextjs.org/docs/messages/sync-dynamic-apis
    at TutorProfile (app/tutor/[id]/page.js:9:34)
   7 | export default async function TutorProfile({ params, searchParams }) {
   8 |     const id = params.id;
>  9 |     const viewerId = searchParams.viewerId;
     |                                  ^
  10 |
  11 |     // Fetch tutor and listing data
  12 |     const tutor = await prisma.user.findUnique({
 GET /tutor/cmn5fj98n0004mj7ycou3i1ov 200 in 1546ms
 GET / 200 in 1157ms
 GET /api/subjects 200 in 1450ms
 GET /search?role=TUTOR 200 in 726ms
 GET /api/search/tutors?subject=&location=&role=TUTOR&grade=&minRate=0&maxRate=10000&sortBy=relevance&verified=false 200 in 218ms
 ✓ Compiled in 8.3s (357 modules)
Error: Route "/tutor/[id]" used `params.id`. `params` should be awaited before using its properties. Learn more: https://nextjs.org/docs/messages/sync-dynamic-apis
    at TutorProfile (app/tutor/[id]/page.js:8:22)
   6 |
   7 | export default async function TutorProfile({ params, searchParams }) {
>  8 |     const id = params.id;
     |                      ^
   9 |     const viewerId = searchParams.viewerId;
  10 |
  11 |     // Fetch tutor and listing data
Error: Route "/tutor/[id]" used `searchParams.viewerId`. `searchParams` should be awaited before using its properties. Learn more: https://nextjs.org/docs/messages/sync-dynamic-apis
    at TutorProfile (app/tutor/[id]/page.js:9:34)
   7 | export default async function TutorProfile({ params, searchParams }) {
   8 |     const id = params.id;
>  9 |     const viewerId = searchParams.viewerId;
     |                                  ^
  10 |
  11 |     // Fetch tutor and listing data
  12 |     const tutor = await prisma.user.findUnique({
 GET /search?role=TUTOR 200 in 1910ms
 GET /dashboard/student 200 in 1948ms
 GET /dashboard/tutor/profile?tutorId=cmn5f7d300003mj7y448id0sc 200 in 1951ms
 GET /login 200 in 2015ms
 GET /tutor/cmn5fj98n0004mj7ycou3i1ov 200 in 2233ms
 ✓ Compiled in 1719ms (811 modules)
Error: Route "/tutor/[id]" used `params.id`. `params` should be awaited before using its properties. Learn more: https://nextjs.org/docs/messages/sync-dynamic-apis
    at TutorProfile (app/tutor/[id]/page.js:8:22)
   6 |
   7 | export default async function TutorProfile({ params, searchParams }) {
>  8 |     const id = params.id;
     |                      ^
   9 |     const viewerId = searchParams.viewerId;
  10 |
  11 |     // Fetch tutor and listing data
Error: Route "/tutor/[id]" used `searchParams.viewerId`. `searchParams` should be awaited before using its properties. Learn more: https://nextjs.org/docs/messages/sync-dynamic-apis
    at TutorProfile (app/tutor/[id]/page.js:9:34)
   7 | export default async function TutorProfile({ params, searchParams }) {
   8 |     const id = params.id;
>  9 |     const viewerId = searchParams.viewerId;
     |                                  ^
  10 |
  11 |     // Fetch tutor and listing data
  12 |     const tutor = await prisma.user.findUnique({
 GET /search?role=TUTOR 200 in 1143ms
 GET /login 200 in 1150ms
 GET /dashboard/student 200 in 1159ms
 GET /dashboard/tutor/profile?tutorId=cmn5f7d300003mj7y448id0sc 200 in 1159ms
Error: Route "/tutor/[id]" used `params.id`. `params` should be awaited before using its properties. Learn more: https://nextjs.org/docs/messages/sync-dynamic-apis
    at TutorProfile (app/tutor/[id]/page.js:8:22)
   6 |
   7 | export default async function TutorProfile({ params, searchParams }) {
>  8 |     const id = params.id;
     |                      ^
   9 |     const viewerId = searchParams.viewerId;
  10 |
  11 |     // Fetch tutor and listing data
Error: Route "/tutor/[id]" used `searchParams.viewerId`. `searchParams` should be awaited before using its properties. Learn more: https://nextjs.org/docs/messages/sync-dynamic-apis
    at TutorProfile (app/tutor/[id]/page.js:9:34)
   7 | export default async function TutorProfile({ params, searchParams }) {
   8 |     const id = params.id;
>  9 |     const viewerId = searchParams.viewerId;
     |                                  ^
  10 |
  11 |     // Fetch tutor and listing data
  12 |     const tutor = await prisma.user.findUnique({
 GET /login 200 in 234ms
 GET /dashboard/tutor/profile?tutorId=cmn5f7d300003mj7y448id0sc 200 in 264ms
 GET /search?role=TUTOR 200 in 266ms
 GET /dashboard/student 200 in 282ms
 GET /tutor/cmn5fj98n0004mj7ycou3i1ov 200 in 1520ms
 GET /tutor/cmn5fj98n0004mj7ycou3i1ov 200 in 421ms
 ✓ Compiled in 1411ms (357 modules)
Error: Route "/tutor/[id]" used `params.id`. `params` should be awaited before using its properties. Learn more: https://nextjs.org/docs/messages/sync-dynamic-apis
    at TutorProfile (app/tutor/[id]/page.js:8:22)
   6 |
   7 | export default async function TutorProfile({ params, searchParams }) {
>  8 |     const id = params.id;
     |                      ^
   9 |     const viewerId = searchParams.viewerId;
  10 |
  11 |     // Fetch tutor and listing data
Error: Route "/tutor/[id]" used `searchParams.viewerId`. `searchParams` should be awaited before using its properties. Learn more: https://nextjs.org/docs/messages/sync-dynamic-apis
    at TutorProfile (app/tutor/[id]/page.js:9:34)
   7 | export default async function TutorProfile({ params, searchParams }) {
   8 |     const id = params.id;
>  9 |     const viewerId = searchParams.viewerId;
     |                                  ^
  10 |
  11 |     // Fetch tutor and listing data
  12 |     const tutor = await prisma.user.findUnique({
 GET /login 200 in 531ms
 GET /search?role=TUTOR 200 in 543ms
 GET /dashboard/student 200 in 553ms
 GET /dashboard/tutor/profile?tutorId=cmn5f7d300003mj7y448id0sc 200 in 696ms
 GET /tutor/cmn5fj98n0004mj7ycou3i1ov 200 in 1399ms
 ○ Compiling /dashboard/admin ...
 ✓ Compiled /dashboard/admin in 2.7s (818 modules)
 GET /dashboard/admin 200 in 3587ms
 ○ Compiling /api/admin/metrics ...
 ✓ Compiled /api/admin/metrics in 2.2s (836 modules)
 GET /api/admin/metrics 200 in 3624ms
 GET /api/admin/metrics 200 in 479ms
 ✓ Compiled in 5.1s (359 modules)
Error: Route "/tutor/[id]" used `params.id`. `params` should be awaited before using its properties. Learn more: https://nextjs.org/docs/messages/sync-dynamic-apis
    at TutorProfile (app/tutor/[id]/page.js:8:22)
   6 |
   7 | export default async function TutorProfile({ params, searchParams }) {
>  8 |     const id = params.id;
     |                      ^
   9 |     const viewerId = searchParams.viewerId;
  10 |
  11 |     // Fetch tutor and listing data
Error: Route "/tutor/[id]" used `searchParams.viewerId`. `searchParams` should be awaited before using its properties. Learn more: https://nextjs.org/docs/messages/sync-dynamic-apis
    at TutorProfile (app/tutor/[id]/page.js:9:34)
   7 | export default async function TutorProfile({ params, searchParams }) {
   8 |     const id = params.id;
>  9 |     const viewerId = searchParams.viewerId;
     |                                  ^
  10 |
  11 |     // Fetch tutor and listing data
  12 |     const tutor = await prisma.user.findUnique({
 GET /dashboard/tutor/profile?tutorId=cmn5f7d300003mj7y448id0sc 200 in 1344ms
 GET /login 200 in 1436ms
 GET /dashboard/student 200 in 1396ms
 GET /dashboard/admin 200 in 1479ms
 GET /search?role=TUTOR 200 in 1488ms
 GET /tutor/cmn5fj98n0004mj7ycou3i1ov 200 in 1591ms
 ✓ Compiled in 19.7s (359 modules)
Error: Route "/tutor/[id]" used `params.id`. `params` should be awaited before using its properties. Learn more: https://nextjs.org/docs/messages/sync-dynamic-apis
    at TutorProfile (app/tutor/[id]/page.js:8:22)
   6 |
   7 | export default async function TutorProfile({ params, searchParams }) {
>  8 |     const id = params.id;
     |                      ^
   9 |     const viewerId = searchParams.viewerId;
  10 |
  11 |     // Fetch tutor and listing data
Error: Route "/tutor/[id]" used `searchParams.viewerId`. `searchParams` should be awaited before using its properties. Learn more: https://nextjs.org/docs/messages/sync-dynamic-apis
    at TutorProfile (app/tutor/[id]/page.js:9:34)
   7 | export default async function TutorProfile({ params, searchParams }) {
   8 |     const id = params.id;
>  9 |     const viewerId = searchParams.viewerId;
     |                                  ^
  10 |
  11 |     // Fetch tutor and listing data
  12 |     const tutor = await prisma.user.findUnique({
 GET /dashboard/student 200 in 3343ms
 GET /dashboard/tutor/profile?tutorId=cmn5f7d300003mj7y448id0sc 200 in 3289ms
 GET /dashboard/admin 200 in 3317ms
 GET /login 200 in 3309ms
 GET /search?role=TUTOR 200 in 3308ms
 GET /tutor/cmn5fj98n0004mj7ycou3i1ov 200 in 3949ms
 ✓ Compiled in 4.4s (359 modules)
Error: Route "/tutor/[id]" used `params.id`. `params` should be awaited before using its properties. Learn more: https://nextjs.org/docs/messages/sync-dynamic-apis
    at TutorProfile (app/tutor/[id]/page.js:8:22)
   6 |
   7 | export default async function TutorProfile({ params, searchParams }) {
>  8 |     const id = params.id;
     |                      ^
   9 |     const viewerId = searchParams.viewerId;
  10 |
  11 |     // Fetch tutor and listing data
Error: Route "/tutor/[id]" used `searchParams.viewerId`. `searchParams` should be awaited before using its properties. Learn more: https://nextjs.org/docs/messages/sync-dynamic-apis
    at TutorProfile (app/tutor/[id]/page.js:9:34)
   7 | export default async function TutorProfile({ params, searchParams }) {
   8 |     const id = params.id;
>  9 |     const viewerId = searchParams.viewerId;
     |                                  ^
  10 |
  11 |     // Fetch tutor and listing data
  12 |     const tutor = await prisma.user.findUnique({
 GET /dashboard/admin 200 in 699ms
 GET /login 200 in 650ms
 GET /search?role=TUTOR 200 in 658ms
 GET /dashboard/student 200 in 688ms
 GET /dashboard/tutor/profile?tutorId=cmn5f7d300003mj7y448id0sc 200 in 681ms
 GET /tutor/cmn5fj98n0004mj7ycou3i1ov 200 in 1292ms
 ✓ Compiled in 4.1s (359 modules)
Error: Route "/tutor/[id]" used `params.id`. `params` should be awaited before using its properties. Learn more: https://nextjs.org/docs/messages/sync-dynamic-apis
    at TutorProfile (app/tutor/[id]/page.js:8:22)
   6 |
   7 | export default async function TutorProfile({ params, searchParams }) {
>  8 |     const id = params.id;
     |                      ^
   9 |     const viewerId = searchParams.viewerId;
  10 |
  11 |     // Fetch tutor and listing data
Error: Route "/tutor/[id]" used `searchParams.viewerId`. `searchParams` should be awaited before using its properties. Learn more: https://nextjs.org/docs/messages/sync-dynamic-apis
    at TutorProfile (app/tutor/[id]/page.js:9:34)
   7 | export default async function TutorProfile({ params, searchParams }) {
   8 |     const id = params.id;
>  9 |     const viewerId = searchParams.viewerId;
     |                                  ^
  10 |
  11 |     // Fetch tutor and listing data
  12 |     const tutor = await prisma.user.findUnique({
 GET /dashboard/tutor/profile?tutorId=cmn5f7d300003mj7y448id0sc 200 in 424ms
 GET /search?role=TUTOR 200 in 429ms
 GET /login 200 in 433ms
 GET /dashboard/student 200 in 448ms
 GET /dashboard/admin 200 in 416ms
 GET /tutor/cmn5fj98n0004mj7ycou3i1ov 200 in 578ms
 ✓ Compiled in 3.8s (359 modules)
Error: Route "/tutor/[id]" used `params.id`. `params` should be awaited before using its properties. Learn more: https://nextjs.org/docs/messages/sync-dynamic-apis
    at TutorProfile (app/tutor/[id]/page.js:8:22)
   6 |
   7 | export default async function TutorProfile({ params, searchParams }) {
>  8 |     const id = params.id;
     |                      ^
   9 |     const viewerId = searchParams.viewerId;
  10 |
  11 |     // Fetch tutor and listing data
Error: Route "/tutor/[id]" used `searchParams.viewerId`. `searchParams` should be awaited before using its properties. Learn more: https://nextjs.org/docs/messages/sync-dynamic-apis
    at TutorProfile (app/tutor/[id]/page.js:9:34)
   7 | export default async function TutorProfile({ params, searchParams }) {
   8 |     const id = params.id;
>  9 |     const viewerId = searchParams.viewerId;
     |                                  ^
  10 |
  11 |     // Fetch tutor and listing data
  12 |     const tutor = await prisma.user.findUnique({
 GET /dashboard/student 200 in 1221ms
 GET /search?role=TUTOR 200 in 1255ms
 GET /dashboard/admin 200 in 1260ms
 GET /dashboard/tutor/profile?tutorId=cmn5f7d300003mj7y448id0sc 200 in 1267ms
 GET /login 200 in 1284ms
 GET /tutor/cmn5fj98n0004mj7ycou3i1ov 200 in 1659ms
 ✓ Compiled in 3.1s (359 modules)
Error: Route "/tutor/[id]" used `params.id`. `params` should be awaited before using its properties. Learn more: https://nextjs.org/docs/messages/sync-dynamic-apis
    at TutorProfile (app/tutor/[id]/page.js:8:22)
   6 |
   7 | export default async function TutorProfile({ params, searchParams }) {
>  8 |     const id = params.id;
     |                      ^
   9 |     const viewerId = searchParams.viewerId;
  10 |
  11 |     // Fetch tutor and listing data
Error: Route "/tutor/[id]" used `searchParams.viewerId`. `searchParams` should be awaited before using its properties. Learn more: https://nextjs.org/docs/messages/sync-dynamic-apis
    at TutorProfile (app/tutor/[id]/page.js:9:34)
   7 | export default async function TutorProfile({ params, searchParams }) {
   8 |     const id = params.id;
>  9 |     const viewerId = searchParams.viewerId;
     |                                  ^
  10 |
  11 |     // Fetch tutor and listing data
  12 |     const tutor = await prisma.user.findUnique({
 GET /search?role=TUTOR 200 in 656ms
 GET /login 200 in 666ms
 GET /dashboard/admin 200 in 651ms
 GET /dashboard/student 200 in 674ms
 GET /dashboard/tutor/profile?tutorId=cmn5f7d300003mj7y448id0sc 200 in 752ms
 GET /tutor/cmn5fj98n0004mj7ycou3i1ov 200 in 866ms
 ✓ Compiled in 9.1s (359 modules)
Error: Route "/tutor/[id]" used `params.id`. `params` should be awaited before using its properties. Learn more: https://nextjs.org/docs/messages/sync-dynamic-apis
    at TutorProfile (app/tutor/[id]/page.js:8:22)
   6 |
   7 | export default async function TutorProfile({ params, searchParams }) {
>  8 |     const id = params.id;
     |                      ^
   9 |     const viewerId = searchParams.viewerId;
  10 |
  11 |     // Fetch tutor and listing data
Error: Route "/tutor/[id]" used `searchParams.viewerId`. `searchParams` should be awaited before using its properties. Learn more: https://nextjs.org/docs/messages/sync-dynamic-apis
    at TutorProfile (app/tutor/[id]/page.js:9:34)
   7 | export default async function TutorProfile({ params, searchParams }) {
   8 |     const id = params.id;
>  9 |     const viewerId = searchParams.viewerId;
     |                                  ^
  10 |
  11 |     // Fetch tutor and listing data
  12 |     const tutor = await prisma.user.findUnique({
 GET /dashboard/tutor/profile?tutorId=cmn5f7d300003mj7y448id0sc 200 in 3320ms
 GET /dashboard/admin 200 in 3214ms
 GET /login 200 in 3184ms
 GET /search?role=TUTOR 200 in 3198ms
 GET /dashboard/student 200 in 3220ms
 GET /tutor/cmn5fj98n0004mj7ycou3i1ov 200 in 4172ms
